# JRE version: 7.0_13-b20
# Java VM: Java HotSpot(TM) Client VM (23.7-b01 mixed mode, sharing windows-x86 )
Heap
 def new generation   total 4928K, used 2287K [0x23c00000, 0x24150000, 0x29150000)
  eden space 4416K,  41% used [0x23c00000, 0x23dcc590, 0x24050000)
  from space 512K,  87% used [0x240d0000, 0x2413f760, 0x24150000)
  to   space 512K,   0% used [0x24050000, 0x24050000, 0x240d0000)
 tenured generation   total 10944K, used 10901K [0x29150000, 0x29c00000, 0x33c00000)
   the space 10944K,  99% used [0x29150000, 0x29bf54f0, 0x29bf5600, 0x29c00000)
 compacting perm gen  total 12288K, used 1641K [0x33c00000, 0x34800000, 0x37c00000)
   the space 12288K,  13% used [0x33c00000, 0x33d9a618, 0x33d9a800, 0x34800000)
    ro space 10240K,  45% used [0x37c00000, 0x38086fa8, 0x38087000, 0x38600000)
    rw space 12288K,  54% used [0x38600000, 0x38c8a9a0, 0x38c8aa00, 0x39200000)
GC Heap History (10 events):
Event: 17.045 GC heap before
{Heap before GC invocations=0 (full 0):
 def new generation   total 4928K, used 4070K [0x23c00000, 0x24150000, 0x29150000)
  eden space 4416K,  92% used [0x23c00000, 0x23ff98e0, 0x24050000)
  from space 512K,   0% used [0x24050000, 0x24050000, 0x240d0000)
  to   space 512K,   0% used [0x240d0000, 0x240d0000, 0x24150000)
 tenured generation   total 10944K, used 0K [0x29150000, 0x29c00000, 0x33c00000)
   the space 10944K,   0% used [0x29150000, 0x29150000, 0x29150200, 0x29c00000)
 compacting perm gen  total 12288K, used 1011K [0x33c00000, 0x34800000, 0x37c00000)
   the space 12288K,   8% used [0x33c00000, 0x33cfcd58, 0x33cfce00, 0x34800000)
    ro space 10240K,  45% used [0x37c00000, 0x38086fa8, 0x38087000, 0x38600000)
    rw space 12288K,  54% used [0x38600000, 0x38c8a9a0, 0x38c8aa00, 0x39200000)
Event: 17.053 GC heap after
Heap after GC invocations=1 (full 0):
 def new generation   total 4928K, used 512K [0x23c00000, 0x24150000, 0x29150000)
  eden space 4416K,   0% used [0x23c00000, 0x23c00000, 0x24050000)
  from space 512K, 100% used [0x240d0000, 0x24150000, 0x24150000)
  to   space 512K,   0% used [0x24050000, 0x24050000, 0x240d0000)
 tenured generation   total 10944K, used 1521K [0x29150000, 0x29c00000, 0x33c00000)
   the space 10944K,  13% used [0x29150000, 0x292cc710, 0x292cc800, 0x29c00000)
 compacting perm gen  total 12288K, used 1011K [0x33c00000, 0x34800000, 0x37c00000)
   the space 12288K,   8% used [0x33c00000, 0x33cfcd58, 0x33cfce00, 0x34800000)
    ro space 10240K,  45% used [0x37c00000, 0x38086fa8, 0x38087000, 0x38600000)
    rw space 12288K,  54% used [0x38600000, 0x38c8a9a0, 0x38c8aa00, 0x39200000)
}
Event: 24.281 GC heap before
{Heap before GC invocations=1 (full 0):
 def new generation   total 4928K, used 4583K [0x23c00000, 0x24150000, 0x29150000)
  eden space 4416K,  92% used [0x23c00000, 0x23ff9f78, 0x24050000)
  from space 512K, 100% used [0x240d0000, 0x24150000, 0x24150000)
  to   space 512K,   0% used [0x24050000, 0x24050000, 0x240d0000)
 tenured generation   total 10944K, used 1521K [0x29150000, 0x29c00000, 0x33c00000)
   the space 10944K,  13% used [0x29150000, 0x292cc710, 0x292cc800, 0x29c00000)
 compacting perm gen  total 12288K, used 1587K [0x33c00000, 0x34800000, 0x37c00000)
   the space 12288K,  12% used [0x33c00000, 0x33d8cfa8, 0x33d8d000, 0x34800000)
    ro space 10240K,  45% used [0x37c00000, 0x38086fa8, 0x38087000, 0x38600000)
    rw space 12288K,  54% used [0x38600000, 0x38c8a9a0, 0x38c8aa00, 0x39200000)
Event: 24.286 GC heap after
Heap after GC invocations=2 (full 0):
 def new generation   total 4928K, used 370K [0x23c00000, 0x24150000, 0x29150000)
  eden space 4416K,   0% used [0x23c00000, 0x23c00000, 0x24050000)
  from space 512K,  72% used [0x24050000, 0x240acbb0, 0x240d0000)
  to   space 512K,   0% used [0x240d0000, 0x240d0000, 0x24150000)
 tenured generation   total 10944K, used 2918K [0x29150000, 0x29c00000, 0x33c00000)
   the space 10944K,  26% used [0x29150000, 0x294299e0, 0x29429a00, 0x29c00000)
 compacting perm gen  total 12288K, used 1587K [0x33c00000, 0x34800000, 0x37c00000)
   the space 12288K,  12% used [0x33c00000, 0x33d8cfa8, 0x33d8d000, 0x34800000)
    ro space 10240K,  45% used [0x37c00000, 0x38086fa8, 0x38087000, 0x38600000)
    rw space 12288K,  54% used [0x38600000, 0x38c8a9a0, 0x38c8aa00, 0x39200000)
}
Event: 50.203 GC heap before
{Heap before GC invocations=2 (full 0):
 def new generation   total 4928K, used 4640K [0x23c00000, 0x24150000, 0x29150000)
  eden space 4416K,  96% used [0x23c00000, 0x2402b7e8, 0x24050000)
  from space 512K,  72% used [0x24050000, 0x240acbb0, 0x240d0000)
  to   space 512K,   0% used [0x240d0000, 0x240d0000, 0x24150000)
 tenured generation   total 10944K, used 2918K [0x29150000, 0x29c00000, 0x33c00000)
   the space 10944K,  26% used [0x29150000, 0x294299e0, 0x29429a00, 0x29c00000)
 compacting perm gen  total 12288K, used 1608K [0x33c00000, 0x34800000, 0x37c00000)
   the space 12288K,  13% used [0x33c00000, 0x33d922b0, 0x33d92400, 0x34800000)
    ro space 10240K,  45% used [0x37c00000, 0x38086fa8, 0x38087000, 0x38600000)
    rw space 12288K,  54% used [0x38600000, 0x38c8a9a0, 0x38c8aa00, 0x39200000)
Event: 50.208 GC heap after
Heap after GC invocations=3 (full 0):
 def new generation   total 4928K, used 192K [0x23c00000, 0x24150000, 0x29150000)
  eden space 4416K,   0% used [0x23c00000, 0x23c00000, 0x24050000)
  from space 512K,  37% used [0x240d0000, 0x24100368, 0x24150000)
  to   space 512K,   0% used [0x24050000, 0x24050000, 0x240d0000)
 tenured generation   total 10944K, used 5436K [0x29150000, 0x29c00000, 0x33c00000)
   the space 10944K,  49% used [0x29150000, 0x2969f180, 0x2969f200, 0x29c00000)
 compacting perm gen  total 12288K, used 1608K [0x33c00000, 0x34800000, 0x37c00000)
   the space 12288K,  13% used [0x33c00000, 0x33d922b0, 0x33d92400, 0x34800000)
    ro space 10240K,  45% used [0x37c00000, 0x38086fa8, 0x38087000, 0x38600000)
    rw space 12288K,  54% used [0x38600000, 0x38c8a9a0, 0x38c8aa00, 0x39200000)
}
Event: 60.590 GC heap before
{Heap before GC invocations=3 (full 0):
 def new generation   total 4928K, used 4497K [0x23c00000, 0x24150000, 0x29150000)
  eden space 4416K,  97% used [0x23c00000, 0x240342c0, 0x24050000)
  from space 512K,  37% used [0x240d0000, 0x24100368, 0x24150000)
  to   space 512K,   0% used [0x24050000, 0x24050000, 0x240d0000)
 tenured generation   total 10944K, used 5436K [0x29150000, 0x29c00000, 0x33c00000)
   the space 10944K,  49% used [0x29150000, 0x2969f180, 0x2969f200, 0x29c00000)
 compacting perm gen  total 12288K, used 1626K [0x33c00000, 0x34800000, 0x37c00000)
   the space 12288K,  13% used [0x33c00000, 0x33d96958, 0x33d96a00, 0x34800000)
    ro space 10240K,  45% used [0x37c00000, 0x38086fa8, 0x38087000, 0x38600000)
    rw space 12288K,  54% used [0x38600000, 0x38c8a9a0, 0x38c8aa00, 0x39200000)
Event: 60.593 GC heap after
Heap after GC invocations=4 (full 0):
 def new generation   total 4928K, used 419K [0x23c00000, 0x24150000, 0x29150000)
  eden space 4416K,   0% used [0x23c00000, 0x23c00000, 0x24050000)
  from space 512K,  81% used [0x24050000, 0x240b8f58, 0x240d0000)
  to   space 512K,   0% used [0x240d0000, 0x240d0000, 0x24150000)
 tenured generation   total 10944K, used 8079K [0x29150000, 0x29c00000, 0x33c00000)
   the space 10944K,  73% used [0x29150000, 0x29933d68, 0x29933e00, 0x29c00000)
 compacting perm gen  total 12288K, used 1626K [0x33c00000, 0x34800000, 0x37c00000)
   the space 12288K,  13% used [0x33c00000, 0x33d96958, 0x33d96a00, 0x34800000)
    ro space 10240K,  45% used [0x37c00000, 0x38086fa8, 0x38087000, 0x38600000)
    rw space 12288K,  54% used [0x38600000, 0x38c8a9a0, 0x38c8aa00, 0x39200000)
}
Event: 71.336 GC heap before
{Heap before GC invocations=4 (full 0):
 def new generation   total 4928K, used 4816K [0x23c00000, 0x24150000, 0x29150000)
  eden space 4416K,  99% used [0x23c00000, 0x2404b330, 0x24050000)
  from space 512K,  81% used [0x24050000, 0x240b8f58, 0x240d0000)
  to   space 512K,   0% used [0x240d0000, 0x240d0000, 0x24150000)
 tenured generation   total 10944K, used 8079K [0x29150000, 0x29c00000, 0x33c00000)
   the space 10944K,  73% used [0x29150000, 0x29933d68, 0x29933e00, 0x29c00000)
 compacting perm gen  total 12288K, used 1641K [0x33c00000, 0x34800000, 0x37c00000)
   the space 12288K,  13% used [0x33c00000, 0x33d9a568, 0x33d9a600, 0x34800000)
    ro space 10240K,  45% used [0x37c00000, 0x38086fa8, 0x38087000, 0x38600000)
    rw space 12288K,  54% used [0x38600000, 0x38c8a9a0, 0x38c8aa00, 0x39200000)
Event: 71.339 GC heap after
Heap after GC invocations=5 (full 0):
 def new generation   total 4928K, used 445K [0x23c00000, 0x24150000, 0x29150000)
  eden space 4416K,   0% used [0x23c00000, 0x23c00000, 0x24050000)
  from space 512K,  87% used [0x240d0000, 0x2413f760, 0x24150000)
  to   space 512K,   0% used [0x24050000, 0x24050000, 0x240d0000)
 tenured generation   total 10944K, used 10901K [0x29150000, 0x29c00000, 0x33c00000)
   the space 10944K,  99% used [0x29150000, 0x29bf54f0, 0x29bf5600, 0x29c00000)
 compacting perm gen  total 12288K, used 1641K [0x33c00000, 0x34800000, 0x37c00000)
   the space 12288K,  13% used [0x33c00000, 0x33d9a568, 0x33d9a600, 0x34800000)
    ro space 10240K,  45% used [0x37c00000, 0x38086fa8, 0x38087000, 0x38600000)
    rw space 12288K,  54% used [0x38600000, 0x38c8a9a0, 0x38c8aa00, 0x39200000)
}

